<?xml version="1.0" encoding="UTF-8"?>
<!-- Generated by org.testng.reporters.JUnitReportReporter -->
<testsuite skipped="0" hostname="DESKTOP-3HO9IOT" name="com.chromebrowser.test2" tests="1" failures="0" timestamp="31 Oct 2017 13:39:23 GMT" time="18.930" errors="0">
  <testcase name="testt" time="18.930" classname="com.chromebrowser.test2"/>
</testsuite> <!-- com.chromebrowser.test2 -->
