<?xml version="1.0" encoding="UTF-8"?>
<!-- Generated by org.testng.reporters.JUnitReportReporter -->
<testsuite skipped="0" hostname="DESKTOP-3HO9IOT" name="com.chromebrowser.test" tests="1" failures="0" timestamp="01 Nov 2017 04:32:57 GMT" time="10.770" errors="0">
  <testcase name="test22" time="10.770" classname="com.chromebrowser.test"/>
</testsuite> <!-- com.chromebrowser.test -->
